# JRE version: OpenJDK Runtime Environment (8.0_121-b13) (build 1.8.0_121-8u121-b13-0ubuntu1.16.04.2-b13)
# Java VM: OpenJDK 64-Bit Server VM (25.121-b13 mixed mode linux-amd64 compressed oops)
Heap:
 PSYoungGen      total 123904K, used 3099K [0x00000000f8000000, 0x00000000ffa00000, 0x0000000100000000)
  eden space 122880K, 2% used [0x00000000f8000000,0x00000000f8306fe8,0x00000000ff800000)
  from space 1024K, 0% used [0x00000000ff800000,0x00000000ff800000,0x00000000ff900000)
  to   space 1024K, 0% used [0x00000000ff900000,0x00000000ff900000,0x00000000ffa00000)
 ParOldGen       total 55296K, used 32196K [0x00000000e8000000, 0x00000000eb600000, 0x00000000f8000000)
  object space 55296K, 58% used [0x00000000e8000000,0x00000000e9f71160,0x00000000eb600000)
 Metaspace       used 78533K, capacity 82532K, committed 82864K, reserved 1122304K
  class space    used 8631K, capacity 9822K, committed 9904K, reserved 1048576K
GC Heap History (10 events):
Event: 3954,618 GC heap before
{Heap before GC invocations=140 (full 59):
 PSYoungGen      total 123904K, used 64K [0x00000000f8000000, 0x00000000ffa00000, 0x0000000100000000)
  eden space 122880K, 0% used [0x00000000f8000000,0x00000000f8000000,0x00000000ff800000)
  from space 1024K, 6% used [0x00000000ff800000,0x00000000ff810000,0x00000000ff900000)
  to   space 1024K, 0% used [0x00000000ff900000,0x00000000ff900000,0x00000000ffa00000)
 ParOldGen       total 55296K, used 32196K [0x00000000e8000000, 0x00000000eb600000, 0x00000000f8000000)
  object space 55296K, 58% used [0x00000000e8000000,0x00000000e9f71160,0x00000000eb600000)
 Metaspace       used 78522K, capacity 82526K, committed 82864K, reserved 1122304K
  class space    used 8631K, capacity 9821K, committed 9904K, reserved 1048576K
Event: 3954,771 GC heap after
Heap after GC invocations=140 (full 59):
 PSYoungGen      total 123904K, used 0K [0x00000000f8000000, 0x00000000ffa00000, 0x0000000100000000)
  eden space 122880K, 0% used [0x00000000f8000000,0x00000000f8000000,0x00000000ff800000)
  from space 1024K, 0% used [0x00000000ff800000,0x00000000ff800000,0x00000000ff900000)
  to   space 1024K, 0% used [0x00000000ff900000,0x00000000ff900000,0x00000000ffa00000)
 ParOldGen       total 55296K, used 32196K [0x00000000e8000000, 0x00000000eb600000, 0x00000000f8000000)
  object space 55296K, 58% used [0x00000000e8000000,0x00000000e9f71160,0x00000000eb600000)
 Metaspace       used 78522K, capacity 82526K, committed 82864K, reserved 1122304K
  class space    used 8631K, capacity 9821K, committed 9904K, reserved 1048576K
}
Event: 4014,610 GC heap before
{Heap before GC invocations=141 (full 59):
 PSYoungGen      total 123904K, used 3099K [0x00000000f8000000, 0x00000000ffa00000, 0x0000000100000000)
  eden space 122880K, 2% used [0x00000000f8000000,0x00000000f8306fe8,0x00000000ff800000)
  from space 1024K, 0% used [0x00000000ff800000,0x00000000ff800000,0x00000000ff900000)
  to   space 1024K, 0% used [0x00000000ff900000,0x00000000ff900000,0x00000000ffa00000)
 ParOldGen       total 55296K, used 32196K [0x00000000e8000000, 0x00000000eb600000, 0x00000000f8000000)
  object space 55296K, 58% used [0x00000000e8000000,0x00000000e9f71160,0x00000000eb600000)
 Metaspace       used 78522K, capacity 82526K, committed 82864K, reserved 1122304K
  class space    used 8631K, capacity 9821K, committed 9904K, reserved 1048576K
Event: 4014,615 GC heap after
Heap after GC invocations=141 (full 59):
 PSYoungGen      total 123904K, used 64K [0x00000000f8000000, 0x00000000ffa00000, 0x0000000100000000)
  eden space 122880K, 0% used [0x00000000f8000000,0x00000000f8000000,0x00000000ff800000)
  from space 1024K, 6% used [0x00000000ff900000,0x00000000ff910000,0x00000000ffa00000)
  to   space 1024K, 0% used [0x00000000ff800000,0x00000000ff800000,0x00000000ff900000)
 ParOldGen       total 55296K, used 32196K [0x00000000e8000000, 0x00000000eb600000, 0x00000000f8000000)
  object space 55296K, 58% used [0x00000000e8000000,0x00000000e9f71160,0x00000000eb600000)
 Metaspace       used 78522K, capacity 82526K, committed 82864K, reserved 1122304K
  class space    used 8631K, capacity 9821K, committed 9904K, reserved 1048576K
}
Event: 4014,615 GC heap before
{Heap before GC invocations=142 (full 60):
 PSYoungGen      total 123904K, used 64K [0x00000000f8000000, 0x00000000ffa00000, 0x0000000100000000)
  eden space 122880K, 0% used [0x00000000f8000000,0x00000000f8000000,0x00000000ff800000)
  from space 1024K, 6% used [0x00000000ff900000,0x00000000ff910000,0x00000000ffa00000)
  to   space 1024K, 0% used [0x00000000ff800000,0x00000000ff800000,0x00000000ff900000)
 ParOldGen       total 55296K, used 32196K [0x00000000e8000000, 0x00000000eb600000, 0x00000000f8000000)
  object space 55296K, 58% used [0x00000000e8000000,0x00000000e9f71160,0x00000000eb600000)
 Metaspace       used 78522K, capacity 82526K, committed 82864K, reserved 1122304K
  class space    used 8631K, capacity 9821K, committed 9904K, reserved 1048576K
Event: 4014,739 GC heap after
Heap after GC invocations=142 (full 60):
 PSYoungGen      total 123904K, used 0K [0x00000000f8000000, 0x00000000ffa00000, 0x0000000100000000)
  eden space 122880K, 0% used [0x00000000f8000000,0x00000000f8000000,0x00000000ff800000)
  from space 1024K, 0% used [0x00000000ff900000,0x00000000ff900000,0x00000000ffa00000)
  to   space 1024K, 0% used [0x00000000ff800000,0x00000000ff800000,0x00000000ff900000)
 ParOldGen       total 55296K, used 32196K [0x00000000e8000000, 0x00000000eb600000, 0x00000000f8000000)
  object space 55296K, 58% used [0x00000000e8000000,0x00000000e9f71160,0x00000000eb600000)
 Metaspace       used 78522K, capacity 82526K, committed 82864K, reserved 1122304K
  class space    used 8631K, capacity 9821K, committed 9904K, reserved 1048576K
}
Event: 4074,612 GC heap before
{Heap before GC invocations=143 (full 60):
 PSYoungGen      total 123904K, used 3099K [0x00000000f8000000, 0x00000000ffa00000, 0x0000000100000000)
  eden space 122880K, 2% used [0x00000000f8000000,0x00000000f8306fe8,0x00000000ff800000)
  from space 1024K, 0% used [0x00000000ff900000,0x00000000ff900000,0x00000000ffa00000)
  to   space 1024K, 0% used [0x00000000ff800000,0x00000000ff800000,0x00000000ff900000)
 ParOldGen       total 55296K, used 32196K [0x00000000e8000000, 0x00000000eb600000, 0x00000000f8000000)
  object space 55296K, 58% used [0x00000000e8000000,0x00000000e9f71160,0x00000000eb600000)
 Metaspace       used 78522K, capacity 82526K, committed 82864K, reserved 1122304K
  class space    used 8631K, capacity 9821K, committed 9904K, reserved 1048576K
Event: 4074,616 GC heap after
Heap after GC invocations=143 (full 60):
 PSYoungGen      total 123904K, used 64K [0x00000000f8000000, 0x00000000ffa00000, 0x0000000100000000)
  eden space 122880K, 0% used [0x00000000f8000000,0x00000000f8000000,0x00000000ff800000)
  from space 1024K, 6% used [0x00000000ff800000,0x00000000ff810000,0x00000000ff900000)
  to   space 1024K, 0% used [0x00000000ff900000,0x00000000ff900000,0x00000000ffa00000)
 ParOldGen       total 55296K, used 32196K [0x00000000e8000000, 0x00000000eb600000, 0x00000000f8000000)
  object space 55296K, 58% used [0x00000000e8000000,0x00000000e9f71160,0x00000000eb600000)
 Metaspace       used 78522K, capacity 82526K, committed 82864K, reserved 1122304K
  class space    used 8631K, capacity 9821K, committed 9904K, reserved 1048576K
}
Event: 4074,616 GC heap before
{Heap before GC invocations=144 (full 61):
 PSYoungGen      total 123904K, used 64K [0x00000000f8000000, 0x00000000ffa00000, 0x0000000100000000)
  eden space 122880K, 0% used [0x00000000f8000000,0x00000000f8000000,0x00000000ff800000)
  from space 1024K, 6% used [0x00000000ff800000,0x00000000ff810000,0x00000000ff900000)
  to   space 1024K, 0% used [0x00000000ff900000,0x00000000ff900000,0x00000000ffa00000)
 ParOldGen       total 55296K, used 32196K [0x00000000e8000000, 0x00000000eb600000, 0x00000000f8000000)
  object space 55296K, 58% used [0x00000000e8000000,0x00000000e9f71160,0x00000000eb600000)
 Metaspace       used 78522K, capacity 82526K, committed 82864K, reserved 1122304K
  class space    used 8631K, capacity 9821K, committed 9904K, reserved 1048576K
Event: 4074,762 GC heap after
Heap after GC invocations=144 (full 61):
 PSYoungGen      total 123904K, used 0K [0x00000000f8000000, 0x00000000ffa00000, 0x0000000100000000)
  eden space 122880K, 0% used [0x00000000f8000000,0x00000000f8000000,0x00000000ff800000)
  from space 1024K, 0% used [0x00000000ff800000,0x00000000ff800000,0x00000000ff900000)
  to   space 1024K, 0% used [0x00000000ff900000,0x00000000ff900000,0x00000000ffa00000)
 ParOldGen       total 55296K, used 32196K [0x00000000e8000000, 0x00000000eb600000, 0x00000000f8000000)
  object space 55296K, 58% used [0x00000000e8000000,0x00000000e9f71160,0x00000000eb600000)
 Metaspace       used 78522K, capacity 82526K, committed 82864K, reserved 1122304K
  class space    used 8631K, capacity 9821K, committed 9904K, reserved 1048576K
}

